{"uid":"984d7cc11cc9dbd7","name":"testPurchaseWithCartValidationAPI","fullName":"tests.APITest.testPurchaseWithCartValidationAPI","historyId":"e7a0498010fffecc41f82d99c974264","time":{"start":1708492821166,"stop":1708492824049,"duration":2883},"status":"failed","statusMessage":"expected [false] but found [true]","statusTrace":"java.lang.AssertionError: expected [false] but found [true]\n\tat org.testng.Assert.fail(Assert.java:111)\n\tat org.testng.Assert.failNotEquals(Assert.java:1578)\n\tat org.testng.Assert.assertFalse(Assert.java:79)\n\tat org.testng.Assert.assertFalse(Assert.java:89)\n\tat tests.APITest.testPurchaseWithCartValidationAPI(APITest.java:175)\n\tat java.base/jdk.internal.reflect.NativeMethodAccessorImpl.invoke0(Native Method)\n\tat java.base/jdk.internal.reflect.NativeMethodAccessorImpl.invoke(NativeMethodAccessorImpl.java:77)\n\tat java.base/jdk.internal.reflect.DelegatingMethodAccessorImpl.invoke(DelegatingMethodAccessorImpl.java:43)\n\tat java.base/java.lang.reflect.Method.invoke(Method.java:568)\n\tat org.testng.internal.invokers.MethodInvocationHelper.invokeMethod(MethodInvocationHelper.java:139)\n\tat org.testng.internal.invokers.TestInvoker.invokeMethod(TestInvoker.java:664)\n\tat org.testng.internal.invokers.TestInvoker.invokeTestMethod(TestInvoker.java:228)\n\tat org.testng.internal.invokers.MethodRunner.runInSequence(MethodRunner.java:63)\n\tat org.testng.internal.invokers.TestInvoker$MethodInvocationAgent.invoke(TestInvoker.java:961)\n\tat org.testng.internal.invokers.TestInvoker.invokeTestMethods(TestInvoker.java:201)\n\tat org.testng.internal.invokers.TestMethodWorker.invokeTestMethods(TestMethodWorker.java:148)\n\tat org.testng.internal.invokers.TestMethodWorker.run(TestMethodWorker.java:128)\n\tat java.base/java.util.ArrayList.forEach(ArrayList.java:1511)\n\tat org.testng.TestRunner.privateRun(TestRunner.java:819)\n\tat org.testng.TestRunner.run(TestRunner.java:619)\n\tat org.testng.SuiteRunner.runTest(SuiteRunner.java:443)\n\tat org.testng.SuiteRunner.runSequentially(SuiteRunner.java:437)\n\tat org.testng.SuiteRunner.privateRun(SuiteRunner.java:397)\n\tat org.testng.SuiteRunner.run(SuiteRunner.java:336)\n\tat org.testng.SuiteRunnerWorker.runSuite(SuiteRunnerWorker.java:52)\n\tat org.testng.SuiteRunnerWorker.run(SuiteRunnerWorker.java:95)\n\tat org.testng.TestNG.runSuitesSequentially(TestNG.java:1301)\n\tat org.testng.TestNG.runSuitesLocally(TestNG.java:1228)\n\tat org.testng.TestNG.runSuites(TestNG.java:1134)\n\tat org.testng.TestNG.run(TestNG.java:1101)\n\tat org.apache.maven.surefire.testng.TestNGExecutor.run(TestNGExecutor.java:308)\n\tat org.apache.maven.surefire.testng.TestNGXmlTestSuite.execute(TestNGXmlTestSuite.java:71)\n\tat org.apache.maven.surefire.testng.TestNGProvider.invoke(TestNGProvider.java:113)\n\tat org.apache.maven.surefire.booter.ForkedBooter.runSuitesInProcess(ForkedBooter.java:385)\n\tat org.apache.maven.surefire.booter.ForkedBooter.execute(ForkedBooter.java:162)\n\tat org.apache.maven.surefire.booter.ForkedBooter.run(ForkedBooter.java:507)\n\tat org.apache.maven.surefire.booter.ForkedBooter.main(ForkedBooter.java:495)\n","flaky":false,"newFailed":true,"newBroken":false,"newPassed":false,"retriesCount":0,"retriesStatusChange":false,"beforeStages":[{"name":"createContextAndPage","time":{"start":1708492818206,"stop":1708492821161,"duration":2955},"description":"","status":"passed","steps":[{"name":"User has navigated to the Home page.","time":{"start":1708492818748,"stop":1708492818748,"duration":0},"status":"passed","steps":[],"attachments":[],"parameters":[],"shouldDisplayMessage":false,"stepsCount":0,"attachmentsCount":0,"hasContent":false,"attachmentStep":false},{"name":"User has navigated to the Home page.","time":{"start":1708492821161,"stop":1708492821161,"duration":0},"status":"passed","steps":[],"attachments":[],"parameters":[],"shouldDisplayMessage":false,"stepsCount":0,"attachmentsCount":0,"hasContent":false,"attachmentStep":false}],"attachments":[],"parameters":[],"shouldDisplayMessage":false,"stepsCount":2,"attachmentsCount":0,"hasContent":true,"attachmentStep":false}],"testStage":{"status":"failed","statusMessage":"expected [false] but found [true]","statusTrace":"java.lang.AssertionError: expected [false] but found [true]\n\tat org.testng.Assert.fail(Assert.java:111)\n\tat org.testng.Assert.failNotEquals(Assert.java:1578)\n\tat org.testng.Assert.assertFalse(Assert.java:79)\n\tat org.testng.Assert.assertFalse(Assert.java:89)\n\tat tests.APITest.testPurchaseWithCartValidationAPI(APITest.java:175)\n\tat java.base/jdk.internal.reflect.NativeMethodAccessorImpl.invoke0(Native Method)\n\tat java.base/jdk.internal.reflect.NativeMethodAccessorImpl.invoke(NativeMethodAccessorImpl.java:77)\n\tat java.base/jdk.internal.reflect.DelegatingMethodAccessorImpl.invoke(DelegatingMethodAccessorImpl.java:43)\n\tat java.base/java.lang.reflect.Method.invoke(Method.java:568)\n\tat org.testng.internal.invokers.MethodInvocationHelper.invokeMethod(MethodInvocationHelper.java:139)\n\tat org.testng.internal.invokers.TestInvoker.invokeMethod(TestInvoker.java:664)\n\tat org.testng.internal.invokers.TestInvoker.invokeTestMethod(TestInvoker.java:228)\n\tat org.testng.internal.invokers.MethodRunner.runInSequence(MethodRunner.java:63)\n\tat org.testng.internal.invokers.TestInvoker$MethodInvocationAgent.invoke(TestInvoker.java:961)\n\tat org.testng.internal.invokers.TestInvoker.invokeTestMethods(TestInvoker.java:201)\n\tat org.testng.internal.invokers.TestMethodWorker.invokeTestMethods(TestMethodWorker.java:148)\n\tat org.testng.internal.invokers.TestMethodWorker.run(TestMethodWorker.java:128)\n\tat java.base/java.util.ArrayList.forEach(ArrayList.java:1511)\n\tat org.testng.TestRunner.privateRun(TestRunner.java:819)\n\tat org.testng.TestRunner.run(TestRunner.java:619)\n\tat org.testng.SuiteRunner.runTest(SuiteRunner.java:443)\n\tat org.testng.SuiteRunner.runSequentially(SuiteRunner.java:437)\n\tat org.testng.SuiteRunner.privateRun(SuiteRunner.java:397)\n\tat org.testng.SuiteRunner.run(SuiteRunner.java:336)\n\tat org.testng.SuiteRunnerWorker.runSuite(SuiteRunnerWorker.java:52)\n\tat org.testng.SuiteRunnerWorker.run(SuiteRunnerWorker.java:95)\n\tat org.testng.TestNG.runSuitesSequentially(TestNG.java:1301)\n\tat org.testng.TestNG.runSuitesLocally(TestNG.java:1228)\n\tat org.testng.TestNG.runSuites(TestNG.java:1134)\n\tat org.testng.TestNG.run(TestNG.java:1101)\n\tat org.apache.maven.surefire.testng.TestNGExecutor.run(TestNGExecutor.java:308)\n\tat org.apache.maven.surefire.testng.TestNGXmlTestSuite.execute(TestNGXmlTestSuite.java:71)\n\tat org.apache.maven.surefire.testng.TestNGProvider.invoke(TestNGProvider.java:113)\n\tat org.apache.maven.surefire.booter.ForkedBooter.runSuitesInProcess(ForkedBooter.java:385)\n\tat org.apache.maven.surefire.booter.ForkedBooter.execute(ForkedBooter.java:162)\n\tat org.apache.maven.surefire.booter.ForkedBooter.run(ForkedBooter.java:507)\n\tat org.apache.maven.surefire.booter.ForkedBooter.main(ForkedBooter.java:495)\n","steps":[{"name":"Click random Category.","time":{"start":1708492821174,"stop":1708492821241,"duration":67},"status":"passed","steps":[],"attachments":[],"parameters":[],"shouldDisplayMessage":false,"stepsCount":0,"attachmentsCount":0,"hasContent":false,"attachmentStep":false},{"name":"Click random product.","time":{"start":1708492821242,"stop":1708492823532,"duration":2290},"status":"passed","steps":[{"name":"Get Products List displayed on the page.","time":{"start":1708492821242,"stop":1708492823278,"duration":2036},"status":"passed","steps":[],"attachments":[],"parameters":[],"shouldDisplayMessage":false,"stepsCount":0,"attachmentsCount":0,"hasContent":false,"attachmentStep":false}],"attachments":[],"parameters":[],"shouldDisplayMessage":false,"stepsCount":1,"attachmentsCount":0,"hasContent":true,"attachmentStep":false},{"name":"Click 'Add to cart' button","time":{"start":1708492823532,"stop":1708492823932,"duration":400},"status":"passed","steps":[],"attachments":[],"parameters":[],"shouldDisplayMessage":false,"stepsCount":0,"attachmentsCount":0,"hasContent":false,"attachmentStep":false},{"name":"Click 'OK' button","time":{"start":1708492823932,"stop":1708492823933,"duration":1},"status":"passed","steps":[],"attachments":[],"parameters":[],"shouldDisplayMessage":false,"stepsCount":0,"attachmentsCount":0,"hasContent":false,"attachmentStep":false},{"name":"Assert that cart is not empty after adding product.","time":{"start":1708492824049,"stop":1708492824049,"duration":0},"status":"passed","steps":[],"attachments":[],"parameters":[],"shouldDisplayMessage":false,"stepsCount":0,"attachmentsCount":0,"hasContent":false,"attachmentStep":false}],"attachments":[],"parameters":[],"shouldDisplayMessage":true,"stepsCount":6,"attachmentsCount":0,"hasContent":true,"attachmentStep":false},"afterStages":[{"name":"closeContext","time":{"start":1708492824052,"stop":1708492825746,"duration":1694},"description":"","status":"broken","statusMessage":"videos/testPurchaseWithCartValidationAPI.webm","statusTrace":"java.nio.file.NoSuchFileException: videos/testPurchaseWithCartValidationAPI.webm\n\tat java.base/sun.nio.fs.UnixException.translateToIOException(UnixException.java:92)\n\tat java.base/sun.nio.fs.UnixException.rethrowAsIOException(UnixException.java:106)\n\tat java.base/sun.nio.fs.UnixException.rethrowAsIOException(UnixException.java:111)\n\tat java.base/sun.nio.fs.UnixFileSystemProvider.newByteChannel(UnixFileSystemProvider.java:218)\n\tat java.base/java.nio.file.Files.newByteChannel(Files.java:380)\n\tat java.base/java.nio.file.Files.newByteChannel(Files.java:432)\n\tat java.base/java.nio.file.Files.readAllBytes(Files.java:3288)\n\tat utils.reports.ReportUtils.addVideoAndTracingToAllureReportForCIFailure(ReportUtils.java:109)\n\tat tests.BaseTest.closeContext(BaseTest.java:97)\n\tat jdk.internal.reflect.GeneratedMethodAccessor64.invoke(Unknown Source)\n\tat java.base/jdk.internal.reflect.DelegatingMethodAccessorImpl.invoke(DelegatingMethodAccessorImpl.java:43)\n\tat java.base/java.lang.reflect.Method.invoke(Method.java:568)\n\tat org.testng.internal.invokers.MethodInvocationHelper.invokeMethod(MethodInvocationHelper.java:139)\n\tat org.testng.internal.invokers.MethodInvocationHelper.invokeMethodConsideringTimeout(MethodInvocationHelper.java:69)\n\tat org.testng.internal.invokers.ConfigInvoker.invokeConfigurationMethod(ConfigInvoker.java:393)\n\tat org.testng.internal.invokers.ConfigInvoker.invokeConfigurations(ConfigInvoker.java:326)\n\tat org.testng.internal.invokers.TestInvoker.runConfigMethods(TestInvoker.java:810)\n\tat org.testng.internal.invokers.TestInvoker.runAfterConfigurations(TestInvoker.java:779)\n\tat org.testng.internal.invokers.TestInvoker.invokeMethod(TestInvoker.java:755)\n\tat org.testng.internal.invokers.TestInvoker.invokeTestMethod(TestInvoker.java:228)\n\tat org.testng.internal.invokers.MethodRunner.runInSequence(MethodRunner.java:63)\n\tat org.testng.internal.invokers.TestInvoker$MethodInvocationAgent.invoke(TestInvoker.java:961)\n\tat org.testng.internal.invokers.TestInvoker.invokeTestMethods(TestInvoker.java:201)\n\tat org.testng.internal.invokers.TestMethodWorker.invokeTestMethods(TestMethodWorker.java:148)\n\tat org.testng.internal.invokers.TestMethodWorker.run(TestMethodWorker.java:128)\n\tat java.base/java.util.ArrayList.forEach(ArrayList.java:1511)\n\tat org.testng.TestRunner.privateRun(TestRunner.java:819)\n\tat org.testng.TestRunner.run(TestRunner.java:619)\n\tat org.testng.SuiteRunner.runTest(SuiteRunner.java:443)\n\tat org.testng.SuiteRunner.runSequentially(SuiteRunner.java:437)\n\tat org.testng.SuiteRunner.privateRun(SuiteRunner.java:397)\n\tat org.testng.SuiteRunner.run(SuiteRunner.java:336)\n\tat org.testng.SuiteRunnerWorker.runSuite(SuiteRunnerWorker.java:52)\n\tat org.testng.SuiteRunnerWorker.run(SuiteRunnerWorker.java:95)\n\tat org.testng.TestNG.runSuitesSequentially(TestNG.java:1301)\n\tat org.testng.TestNG.runSuitesLocally(TestNG.java:1228)\n\tat org.testng.TestNG.runSuites(TestNG.java:1134)\n\tat org.testng.TestNG.run(TestNG.java:1101)\n\tat org.apache.maven.surefire.testng.TestNGExecutor.run(TestNGExecutor.java:308)\n\tat org.apache.maven.surefire.testng.TestNGXmlTestSuite.execute(TestNGXmlTestSuite.java:71)\n\tat org.apache.maven.surefire.testng.TestNGProvider.invoke(TestNGProvider.java:113)\n\tat org.apache.maven.surefire.booter.ForkedBooter.runSuitesInProcess(ForkedBooter.java:385)\n\tat org.apache.maven.surefire.booter.ForkedBooter.execute(ForkedBooter.java:162)\n\tat org.apache.maven.surefire.booter.ForkedBooter.run(ForkedBooter.java:507)\n\tat org.apache.maven.surefire.booter.ForkedBooter.main(ForkedBooter.java:495)\n","steps":[],"attachments":[{"uid":"c5d6892bf698ed10","name":"screenshot","source":"c5d6892bf698ed10.png","type":"image/png","size":315586}],"parameters":[],"shouldDisplayMessage":true,"stepsCount":0,"attachmentsCount":1,"hasContent":true,"attachmentStep":false}],"labels":[{"name":"package","value":"tests.APITest"},{"name":"testClass","value":"tests.APITest"},{"name":"testMethod","value":"testPurchaseWithCartValidationAPI"},{"name":"parentSuite","value":"Ecommerce store"},{"name":"suite","value":"Smoke tests"},{"name":"subSuite","value":"tests.APITest"},{"name":"host","value":"fv-az810-32"},{"name":"thread","value":"4663@fv-az810-32.main(1)"},{"name":"framework","value":"testng"},{"name":"language","value":"java"},{"name":"severity","value":"critical"},{"name":"resultFormat","value":"allure2"}],"parameters":[],"links":[],"hidden":false,"retry":false,"extra":{"severity":"critical","retries":[],"categories":[{"name":"Product defects","matchedStatuses":[],"flaky":false}],"history":{"statistic":{"failed":1,"broken":0,"skipped":1,"passed":1,"unknown":0,"total":3},"items":[{"uid":"81dcde735687bec2","reportUrl":"https://LaysanNova.github.io/FrameworkPlaywrightTestNG/19//#testresult/81dcde735687bec2","status":"skipped","statusDetails":"videos/testProductViewDisplayAPI.webm","time":{"start":1708217254673,"stop":1708217254673,"duration":0}},{"uid":"db6ef37e0269f08b","reportUrl":"https://LaysanNova.github.io/FrameworkPlaywrightTestNG/19//#testresult/db6ef37e0269f08b","status":"passed","time":{"start":1708214864598,"stop":1708214870886,"duration":6288}}]},"tags":[]},"source":"984d7cc11cc9dbd7.json","parameterValues":[]}