{"uid":"ba9b1a89b53b2a5d","name":"testProductViewDisplay","fullName":"tests.ProdTest.testProductViewDisplay","historyId":"57ef7855e707b5f5ee609970ec9f8976","time":{"start":1709583881719,"stop":1709583883877,"duration":2158},"status":"broken","statusMessage":"Error {\n  message='Error: strict mode violation: locator(\"div.carousel-inner img\") resolved to 3 elements:\n    1) <img alt=\"First slide\" src=\"Samsung1.jpg\" class=\"d-bl…/> aka getByRole(AriaRole.IMG, new Page.GetByRoleOptions().setName(\"First slide\"))\n    2) <img src=\"nexus1.jpg\" alt=\"Second slide\" class=\"d-blo…/> aka getByAltText(\"Second slide\")\n    3) <img src=\"iphone1.jpg\" alt=\"Third slide\" class=\"d-blo…/> aka getByAltText(\"Third slide\")\n\n  name='Error\n  stack='Error: Error: strict mode violation: locator(\"div.carousel-inner img\") resolved to 3 elements:\n    1) <img alt=\"First slide\" src=\"Samsung1.jpg\" class=\"d-bl…/> aka getByRole(AriaRole.IMG, new Page.GetByRoleOptions().setName(\"First slide\"))\n    2) <img src=\"nexus1.jpg\" alt=\"Second slide\" class=\"d-blo…/> aka getByAltText(\"Second slide\")\n    3) <img src=\"iphone1.jpg\" alt=\"Third slide\" class=\"d-blo…/> aka getByAltText(\"Third slide\")\n\n    at CRExecutionContext.evaluateWithArguments (/tmp/playwright-java-17586489997857191859/package/lib/server/chromium/crExecutionContext.js:92:33)\n    at async LongStandingScope._race (/tmp/playwright-java-17586489997857191859/package/lib/utils/manualPromise.js:96:14)\n    at async evaluateExpression (/tmp/playwright-java-17586489997857191859/package/lib/server/javascript.js:241:12)\n    at async /tmp/playwright-java-17586489997857191859/package/lib/server/frames.js:1242:13\n    at async Frame.retryWithProgressAndTimeouts (/tmp/playwright-java-17586489997857191859/package/lib/server/frames.js:912:24)\n    at async /tmp/playwright-java-17586489997857191859/package/lib/server/frames.js:1220:14\n    at async ProgressController.run (/tmp/playwright-java-17586489997857191859/package/lib/server/progress.js:91:22)\n    at async Frame.expect (/tmp/playwright-java-17586489997857191859/package/lib/server/frames.js:1199:27)\n    at async FrameDispatcher.expect (/tmp/playwright-java-17586489997857191859/package/lib/server/dispatchers/frameDispatcher.js:273:20)\n    at async LongStandingScope._race (/tmp/playwright-java-17586489997857191859/package/lib/utils/manualPromise.js:96:14)\n}\nCall log:\n- Locator.expect with timeout 5000ms\n- waiting for locator(\"div.carousel-inner img\")\n","statusTrace":"com.microsoft.playwright.PlaywrightException: Error {\n  message='Error: strict mode violation: locator(\"div.carousel-inner img\") resolved to 3 elements:\n    1) <img alt=\"First slide\" src=\"Samsung1.jpg\" class=\"d-bl…/> aka getByRole(AriaRole.IMG, new Page.GetByRoleOptions().setName(\"First slide\"))\n    2) <img src=\"nexus1.jpg\" alt=\"Second slide\" class=\"d-blo…/> aka getByAltText(\"Second slide\")\n    3) <img src=\"iphone1.jpg\" alt=\"Third slide\" class=\"d-blo…/> aka getByAltText(\"Third slide\")\n\n  name='Error\n  stack='Error: Error: strict mode violation: locator(\"div.carousel-inner img\") resolved to 3 elements:\n    1) <img alt=\"First slide\" src=\"Samsung1.jpg\" class=\"d-bl…/> aka getByRole(AriaRole.IMG, new Page.GetByRoleOptions().setName(\"First slide\"))\n    2) <img src=\"nexus1.jpg\" alt=\"Second slide\" class=\"d-blo…/> aka getByAltText(\"Second slide\")\n    3) <img src=\"iphone1.jpg\" alt=\"Third slide\" class=\"d-blo…/> aka getByAltText(\"Third slide\")\n\n    at CRExecutionContext.evaluateWithArguments (/tmp/playwright-java-17586489997857191859/package/lib/server/chromium/crExecutionContext.js:92:33)\n    at async LongStandingScope._race (/tmp/playwright-java-17586489997857191859/package/lib/utils/manualPromise.js:96:14)\n    at async evaluateExpression (/tmp/playwright-java-17586489997857191859/package/lib/server/javascript.js:241:12)\n    at async /tmp/playwright-java-17586489997857191859/package/lib/server/frames.js:1242:13\n    at async Frame.retryWithProgressAndTimeouts (/tmp/playwright-java-17586489997857191859/package/lib/server/frames.js:912:24)\n    at async /tmp/playwright-java-17586489997857191859/package/lib/server/frames.js:1220:14\n    at async ProgressController.run (/tmp/playwright-java-17586489997857191859/package/lib/server/progress.js:91:22)\n    at async Frame.expect (/tmp/playwright-java-17586489997857191859/package/lib/server/frames.js:1199:27)\n    at async FrameDispatcher.expect (/tmp/playwright-java-17586489997857191859/package/lib/server/dispatchers/frameDispatcher.js:273:20)\n    at async LongStandingScope._race (/tmp/playwright-java-17586489997857191859/package/lib/utils/manualPromise.js:96:14)\n}\nCall log:\n- Locator.expect with timeout 5000ms\n- waiting for locator(\"div.carousel-inner img\")\n\n\tat com.microsoft.playwright.impl.WaitableResult.get(WaitableResult.java:54)\n\tat com.microsoft.playwright.impl.ChannelOwner.runUntil(ChannelOwner.java:120)\n\tat com.microsoft.playwright.impl.Connection.sendMessage(Connection.java:129)\n\tat com.microsoft.playwright.impl.ChannelOwner.sendMessage(ChannelOwner.java:106)\n\tat com.microsoft.playwright.impl.LocatorImpl.expectImpl(LocatorImpl.java:620)\n\tat com.microsoft.playwright.impl.LocatorImpl.lambda$expect$8(LocatorImpl.java:603)\n\tat com.microsoft.playwright.impl.LoggingSupport.withLogging(LoggingSupport.java:47)\n\tat com.microsoft.playwright.impl.ChannelOwner.withLogging(ChannelOwner.java:89)\n\tat com.microsoft.playwright.impl.LocatorImpl.expect(LocatorImpl.java:603)\n\tat com.microsoft.playwright.impl.AssertionsBase.expectImpl(AssertionsBase.java:60)\n\tat com.microsoft.playwright.impl.AssertionsBase.expectImpl(AssertionsBase.java:50)\n\tat com.microsoft.playwright.impl.LocatorAssertionsImpl.expectTrue(LocatorAssertionsImpl.java:354)\n\tat com.microsoft.playwright.impl.LocatorAssertionsImpl.isVisible(LocatorAssertionsImpl.java:349)\n\tat com.microsoft.playwright.assertions.LocatorAssertions.isVisible(LocatorAssertions.java:698)\n\tat tests.ProdTest.testProductViewDisplay(ProdTest.java:42)\n\tat java.base/jdk.internal.reflect.NativeMethodAccessorImpl.invoke0(Native Method)\n\tat java.base/jdk.internal.reflect.NativeMethodAccessorImpl.invoke(NativeMethodAccessorImpl.java:77)\n\tat java.base/jdk.internal.reflect.DelegatingMethodAccessorImpl.invoke(DelegatingMethodAccessorImpl.java:43)\n\tat java.base/java.lang.reflect.Method.invoke(Method.java:568)\n\tat org.testng.internal.invokers.MethodInvocationHelper.invokeMethod(MethodInvocationHelper.java:139)\n\tat org.testng.internal.invokers.TestInvoker.invokeMethod(TestInvoker.java:664)\n\tat org.testng.internal.invokers.TestInvoker.invokeTestMethod(TestInvoker.java:228)\n\tat org.testng.internal.invokers.MethodRunner.runInSequence(MethodRunner.java:63)\n\tat org.testng.internal.invokers.TestInvoker$MethodInvocationAgent.invoke(TestInvoker.java:961)\n\tat org.testng.internal.invokers.TestInvoker.invokeTestMethods(TestInvoker.java:201)\n\tat org.testng.internal.invokers.TestMethodWorker.invokeTestMethods(TestMethodWorker.java:148)\n\tat org.testng.internal.invokers.TestMethodWorker.run(TestMethodWorker.java:128)\n\tat java.base/java.util.ArrayList.forEach(ArrayList.java:1511)\n\tat org.testng.TestRunner.privateRun(TestRunner.java:819)\n\tat org.testng.TestRunner.run(TestRunner.java:619)\n\tat org.testng.SuiteRunner.runTest(SuiteRunner.java:443)\n\tat org.testng.SuiteRunner.runSequentially(SuiteRunner.java:437)\n\tat org.testng.SuiteRunner.privateRun(SuiteRunner.java:397)\n\tat org.testng.SuiteRunner.run(SuiteRunner.java:336)\n\tat org.testng.SuiteRunnerWorker.runSuite(SuiteRunnerWorker.java:52)\n\tat org.testng.SuiteRunnerWorker.run(SuiteRunnerWorker.java:95)\n\tat org.testng.TestNG.runSuitesSequentially(TestNG.java:1301)\n\tat org.testng.TestNG.runSuitesLocally(TestNG.java:1228)\n\tat org.testng.TestNG.runSuites(TestNG.java:1134)\n\tat org.testng.TestNG.run(TestNG.java:1101)\n\tat org.apache.maven.surefire.testng.TestNGExecutor.run(TestNGExecutor.java:308)\n\tat org.apache.maven.surefire.testng.TestNGXmlTestSuite.execute(TestNGXmlTestSuite.java:71)\n\tat org.apache.maven.surefire.testng.TestNGProvider.invoke(TestNGProvider.java:113)\n\tat org.apache.maven.surefire.booter.ForkedBooter.runSuitesInProcess(ForkedBooter.java:385)\n\tat org.apache.maven.surefire.booter.ForkedBooter.execute(ForkedBooter.java:162)\n\tat org.apache.maven.surefire.booter.ForkedBooter.run(ForkedBooter.java:507)\n\tat org.apache.maven.surefire.booter.ForkedBooter.main(ForkedBooter.java:495)\nCaused by: com.microsoft.playwright.impl.DriverException: Error {\n  message='Error: strict mode violation: locator(\"div.carousel-inner img\") resolved to 3 elements:\n    1) <img alt=\"First slide\" src=\"Samsung1.jpg\" class=\"d-bl…/> aka getByRole(AriaRole.IMG, new Page.GetByRoleOptions().setName(\"First slide\"))\n    2) <img src=\"nexus1.jpg\" alt=\"Second slide\" class=\"d-blo…/> aka getByAltText(\"Second slide\")\n    3) <img src=\"iphone1.jpg\" alt=\"Third slide\" class=\"d-blo…/> aka getByAltText(\"Third slide\")\n\n  name='Error\n  stack='Error: Error: strict mode violation: locator(\"div.carousel-inner img\") resolved to 3 elements:\n    1) <img alt=\"First slide\" src=\"Samsung1.jpg\" class=\"d-bl…/> aka getByRole(AriaRole.IMG, new Page.GetByRoleOptions().setName(\"First slide\"))\n    2) <img src=\"nexus1.jpg\" alt=\"Second slide\" class=\"d-blo…/> aka getByAltText(\"Second slide\")\n    3) <img src=\"iphone1.jpg\" alt=\"Third slide\" class=\"d-blo…/> aka getByAltText(\"Third slide\")\n\n    at CRExecutionContext.evaluateWithArguments (/tmp/playwright-java-17586489997857191859/package/lib/server/chromium/crExecutionContext.js:92:33)\n    at async LongStandingScope._race (/tmp/playwright-java-17586489997857191859/package/lib/utils/manualPromise.js:96:14)\n    at async evaluateExpression (/tmp/playwright-java-17586489997857191859/package/lib/server/javascript.js:241:12)\n    at async /tmp/playwright-java-17586489997857191859/package/lib/server/frames.js:1242:13\n    at async Frame.retryWithProgressAndTimeouts (/tmp/playwright-java-17586489997857191859/package/lib/server/frames.js:912:24)\n    at async /tmp/playwright-java-17586489997857191859/package/lib/server/frames.js:1220:14\n    at async ProgressController.run (/tmp/playwright-java-17586489997857191859/package/lib/server/progress.js:91:22)\n    at async Frame.expect (/tmp/playwright-java-17586489997857191859/package/lib/server/frames.js:1199:27)\n    at async FrameDispatcher.expect (/tmp/playwright-java-17586489997857191859/package/lib/server/dispatchers/frameDispatcher.js:273:20)\n    at async LongStandingScope._race (/tmp/playwright-java-17586489997857191859/package/lib/utils/manualPromise.js:96:14)\n}\nCall log:\n- Locator.expect with timeout 5000ms\n- waiting for locator(\"div.carousel-inner img\")\n\n\tat com.microsoft.playwright.impl.Connection.dispatch(Connection.java:257)\n\tat com.microsoft.playwright.impl.Connection.processOneMessage(Connection.java:209)\n\tat com.microsoft.playwright.impl.ChannelOwner.runUntil(ChannelOwner.java:118)\n\t... 45 more\n","flaky":false,"newFailed":false,"newBroken":true,"newPassed":false,"retriesCount":0,"retriesStatusChange":false,"beforeStages":[{"name":"createContextAndPage","time":{"start":1709583879779,"stop":1709583881717,"duration":1938},"description":"","status":"passed","steps":[{"name":"User has navigated to the Home page.","time":{"start":1709583880131,"stop":1709583880131,"duration":0},"status":"passed","steps":[],"attachments":[],"parameters":[],"shouldDisplayMessage":false,"stepsCount":0,"attachmentsCount":0,"hasContent":false,"attachmentStep":false},{"name":"User has navigated to the Home page.","time":{"start":1709583881717,"stop":1709583881717,"duration":0},"status":"passed","steps":[],"attachments":[],"parameters":[],"shouldDisplayMessage":false,"stepsCount":0,"attachmentsCount":0,"hasContent":false,"attachmentStep":false}],"attachments":[],"parameters":[],"shouldDisplayMessage":false,"stepsCount":2,"attachmentsCount":0,"hasContent":true,"attachmentStep":false}],"testStage":{"status":"broken","statusMessage":"Error {\n  message='Error: strict mode violation: locator(\"div.carousel-inner img\") resolved to 3 elements:\n    1) <img alt=\"First slide\" src=\"Samsung1.jpg\" class=\"d-bl…/> aka getByRole(AriaRole.IMG, new Page.GetByRoleOptions().setName(\"First slide\"))\n    2) <img src=\"nexus1.jpg\" alt=\"Second slide\" class=\"d-blo…/> aka getByAltText(\"Second slide\")\n    3) <img src=\"iphone1.jpg\" alt=\"Third slide\" class=\"d-blo…/> aka getByAltText(\"Third slide\")\n\n  name='Error\n  stack='Error: Error: strict mode violation: locator(\"div.carousel-inner img\") resolved to 3 elements:\n    1) <img alt=\"First slide\" src=\"Samsung1.jpg\" class=\"d-bl…/> aka getByRole(AriaRole.IMG, new Page.GetByRoleOptions().setName(\"First slide\"))\n    2) <img src=\"nexus1.jpg\" alt=\"Second slide\" class=\"d-blo…/> aka getByAltText(\"Second slide\")\n    3) <img src=\"iphone1.jpg\" alt=\"Third slide\" class=\"d-blo…/> aka getByAltText(\"Third slide\")\n\n    at CRExecutionContext.evaluateWithArguments (/tmp/playwright-java-17586489997857191859/package/lib/server/chromium/crExecutionContext.js:92:33)\n    at async LongStandingScope._race (/tmp/playwright-java-17586489997857191859/package/lib/utils/manualPromise.js:96:14)\n    at async evaluateExpression (/tmp/playwright-java-17586489997857191859/package/lib/server/javascript.js:241:12)\n    at async /tmp/playwright-java-17586489997857191859/package/lib/server/frames.js:1242:13\n    at async Frame.retryWithProgressAndTimeouts (/tmp/playwright-java-17586489997857191859/package/lib/server/frames.js:912:24)\n    at async /tmp/playwright-java-17586489997857191859/package/lib/server/frames.js:1220:14\n    at async ProgressController.run (/tmp/playwright-java-17586489997857191859/package/lib/server/progress.js:91:22)\n    at async Frame.expect (/tmp/playwright-java-17586489997857191859/package/lib/server/frames.js:1199:27)\n    at async FrameDispatcher.expect (/tmp/playwright-java-17586489997857191859/package/lib/server/dispatchers/frameDispatcher.js:273:20)\n    at async LongStandingScope._race (/tmp/playwright-java-17586489997857191859/package/lib/utils/manualPromise.js:96:14)\n}\nCall log:\n- Locator.expect with timeout 5000ms\n- waiting for locator(\"div.carousel-inner img\")\n","statusTrace":"com.microsoft.playwright.PlaywrightException: Error {\n  message='Error: strict mode violation: locator(\"div.carousel-inner img\") resolved to 3 elements:\n    1) <img alt=\"First slide\" src=\"Samsung1.jpg\" class=\"d-bl…/> aka getByRole(AriaRole.IMG, new Page.GetByRoleOptions().setName(\"First slide\"))\n    2) <img src=\"nexus1.jpg\" alt=\"Second slide\" class=\"d-blo…/> aka getByAltText(\"Second slide\")\n    3) <img src=\"iphone1.jpg\" alt=\"Third slide\" class=\"d-blo…/> aka getByAltText(\"Third slide\")\n\n  name='Error\n  stack='Error: Error: strict mode violation: locator(\"div.carousel-inner img\") resolved to 3 elements:\n    1) <img alt=\"First slide\" src=\"Samsung1.jpg\" class=\"d-bl…/> aka getByRole(AriaRole.IMG, new Page.GetByRoleOptions().setName(\"First slide\"))\n    2) <img src=\"nexus1.jpg\" alt=\"Second slide\" class=\"d-blo…/> aka getByAltText(\"Second slide\")\n    3) <img src=\"iphone1.jpg\" alt=\"Third slide\" class=\"d-blo…/> aka getByAltText(\"Third slide\")\n\n    at CRExecutionContext.evaluateWithArguments (/tmp/playwright-java-17586489997857191859/package/lib/server/chromium/crExecutionContext.js:92:33)\n    at async LongStandingScope._race (/tmp/playwright-java-17586489997857191859/package/lib/utils/manualPromise.js:96:14)\n    at async evaluateExpression (/tmp/playwright-java-17586489997857191859/package/lib/server/javascript.js:241:12)\n    at async /tmp/playwright-java-17586489997857191859/package/lib/server/frames.js:1242:13\n    at async Frame.retryWithProgressAndTimeouts (/tmp/playwright-java-17586489997857191859/package/lib/server/frames.js:912:24)\n    at async /tmp/playwright-java-17586489997857191859/package/lib/server/frames.js:1220:14\n    at async ProgressController.run (/tmp/playwright-java-17586489997857191859/package/lib/server/progress.js:91:22)\n    at async Frame.expect (/tmp/playwright-java-17586489997857191859/package/lib/server/frames.js:1199:27)\n    at async FrameDispatcher.expect (/tmp/playwright-java-17586489997857191859/package/lib/server/dispatchers/frameDispatcher.js:273:20)\n    at async LongStandingScope._race (/tmp/playwright-java-17586489997857191859/package/lib/utils/manualPromise.js:96:14)\n}\nCall log:\n- Locator.expect with timeout 5000ms\n- waiting for locator(\"div.carousel-inner img\")\n\n\tat com.microsoft.playwright.impl.WaitableResult.get(WaitableResult.java:54)\n\tat com.microsoft.playwright.impl.ChannelOwner.runUntil(ChannelOwner.java:120)\n\tat com.microsoft.playwright.impl.Connection.sendMessage(Connection.java:129)\n\tat com.microsoft.playwright.impl.ChannelOwner.sendMessage(ChannelOwner.java:106)\n\tat com.microsoft.playwright.impl.LocatorImpl.expectImpl(LocatorImpl.java:620)\n\tat com.microsoft.playwright.impl.LocatorImpl.lambda$expect$8(LocatorImpl.java:603)\n\tat com.microsoft.playwright.impl.LoggingSupport.withLogging(LoggingSupport.java:47)\n\tat com.microsoft.playwright.impl.ChannelOwner.withLogging(ChannelOwner.java:89)\n\tat com.microsoft.playwright.impl.LocatorImpl.expect(LocatorImpl.java:603)\n\tat com.microsoft.playwright.impl.AssertionsBase.expectImpl(AssertionsBase.java:60)\n\tat com.microsoft.playwright.impl.AssertionsBase.expectImpl(AssertionsBase.java:50)\n\tat com.microsoft.playwright.impl.LocatorAssertionsImpl.expectTrue(LocatorAssertionsImpl.java:354)\n\tat com.microsoft.playwright.impl.LocatorAssertionsImpl.isVisible(LocatorAssertionsImpl.java:349)\n\tat com.microsoft.playwright.assertions.LocatorAssertions.isVisible(LocatorAssertions.java:698)\n\tat tests.ProdTest.testProductViewDisplay(ProdTest.java:42)\n\tat java.base/jdk.internal.reflect.NativeMethodAccessorImpl.invoke0(Native Method)\n\tat java.base/jdk.internal.reflect.NativeMethodAccessorImpl.invoke(NativeMethodAccessorImpl.java:77)\n\tat java.base/jdk.internal.reflect.DelegatingMethodAccessorImpl.invoke(DelegatingMethodAccessorImpl.java:43)\n\tat java.base/java.lang.reflect.Method.invoke(Method.java:568)\n\tat org.testng.internal.invokers.MethodInvocationHelper.invokeMethod(MethodInvocationHelper.java:139)\n\tat org.testng.internal.invokers.TestInvoker.invokeMethod(TestInvoker.java:664)\n\tat org.testng.internal.invokers.TestInvoker.invokeTestMethod(TestInvoker.java:228)\n\tat org.testng.internal.invokers.MethodRunner.runInSequence(MethodRunner.java:63)\n\tat org.testng.internal.invokers.TestInvoker$MethodInvocationAgent.invoke(TestInvoker.java:961)\n\tat org.testng.internal.invokers.TestInvoker.invokeTestMethods(TestInvoker.java:201)\n\tat org.testng.internal.invokers.TestMethodWorker.invokeTestMethods(TestMethodWorker.java:148)\n\tat org.testng.internal.invokers.TestMethodWorker.run(TestMethodWorker.java:128)\n\tat java.base/java.util.ArrayList.forEach(ArrayList.java:1511)\n\tat org.testng.TestRunner.privateRun(TestRunner.java:819)\n\tat org.testng.TestRunner.run(TestRunner.java:619)\n\tat org.testng.SuiteRunner.runTest(SuiteRunner.java:443)\n\tat org.testng.SuiteRunner.runSequentially(SuiteRunner.java:437)\n\tat org.testng.SuiteRunner.privateRun(SuiteRunner.java:397)\n\tat org.testng.SuiteRunner.run(SuiteRunner.java:336)\n\tat org.testng.SuiteRunnerWorker.runSuite(SuiteRunnerWorker.java:52)\n\tat org.testng.SuiteRunnerWorker.run(SuiteRunnerWorker.java:95)\n\tat org.testng.TestNG.runSuitesSequentially(TestNG.java:1301)\n\tat org.testng.TestNG.runSuitesLocally(TestNG.java:1228)\n\tat org.testng.TestNG.runSuites(TestNG.java:1134)\n\tat org.testng.TestNG.run(TestNG.java:1101)\n\tat org.apache.maven.surefire.testng.TestNGExecutor.run(TestNGExecutor.java:308)\n\tat org.apache.maven.surefire.testng.TestNGXmlTestSuite.execute(TestNGXmlTestSuite.java:71)\n\tat org.apache.maven.surefire.testng.TestNGProvider.invoke(TestNGProvider.java:113)\n\tat org.apache.maven.surefire.booter.ForkedBooter.runSuitesInProcess(ForkedBooter.java:385)\n\tat org.apache.maven.surefire.booter.ForkedBooter.execute(ForkedBooter.java:162)\n\tat org.apache.maven.surefire.booter.ForkedBooter.run(ForkedBooter.java:507)\n\tat org.apache.maven.surefire.booter.ForkedBooter.main(ForkedBooter.java:495)\nCaused by: com.microsoft.playwright.impl.DriverException: Error {\n  message='Error: strict mode violation: locator(\"div.carousel-inner img\") resolved to 3 elements:\n    1) <img alt=\"First slide\" src=\"Samsung1.jpg\" class=\"d-bl…/> aka getByRole(AriaRole.IMG, new Page.GetByRoleOptions().setName(\"First slide\"))\n    2) <img src=\"nexus1.jpg\" alt=\"Second slide\" class=\"d-blo…/> aka getByAltText(\"Second slide\")\n    3) <img src=\"iphone1.jpg\" alt=\"Third slide\" class=\"d-blo…/> aka getByAltText(\"Third slide\")\n\n  name='Error\n  stack='Error: Error: strict mode violation: locator(\"div.carousel-inner img\") resolved to 3 elements:\n    1) <img alt=\"First slide\" src=\"Samsung1.jpg\" class=\"d-bl…/> aka getByRole(AriaRole.IMG, new Page.GetByRoleOptions().setName(\"First slide\"))\n    2) <img src=\"nexus1.jpg\" alt=\"Second slide\" class=\"d-blo…/> aka getByAltText(\"Second slide\")\n    3) <img src=\"iphone1.jpg\" alt=\"Third slide\" class=\"d-blo…/> aka getByAltText(\"Third slide\")\n\n    at CRExecutionContext.evaluateWithArguments (/tmp/playwright-java-17586489997857191859/package/lib/server/chromium/crExecutionContext.js:92:33)\n    at async LongStandingScope._race (/tmp/playwright-java-17586489997857191859/package/lib/utils/manualPromise.js:96:14)\n    at async evaluateExpression (/tmp/playwright-java-17586489997857191859/package/lib/server/javascript.js:241:12)\n    at async /tmp/playwright-java-17586489997857191859/package/lib/server/frames.js:1242:13\n    at async Frame.retryWithProgressAndTimeouts (/tmp/playwright-java-17586489997857191859/package/lib/server/frames.js:912:24)\n    at async /tmp/playwright-java-17586489997857191859/package/lib/server/frames.js:1220:14\n    at async ProgressController.run (/tmp/playwright-java-17586489997857191859/package/lib/server/progress.js:91:22)\n    at async Frame.expect (/tmp/playwright-java-17586489997857191859/package/lib/server/frames.js:1199:27)\n    at async FrameDispatcher.expect (/tmp/playwright-java-17586489997857191859/package/lib/server/dispatchers/frameDispatcher.js:273:20)\n    at async LongStandingScope._race (/tmp/playwright-java-17586489997857191859/package/lib/utils/manualPromise.js:96:14)\n}\nCall log:\n- Locator.expect with timeout 5000ms\n- waiting for locator(\"div.carousel-inner img\")\n\n\tat com.microsoft.playwright.impl.Connection.dispatch(Connection.java:257)\n\tat com.microsoft.playwright.impl.Connection.processOneMessage(Connection.java:209)\n\tat com.microsoft.playwright.impl.ChannelOwner.runUntil(ChannelOwner.java:118)\n\t... 45 more\n","steps":[{"name":"Click random category.","time":{"start":1709583881721,"stop":1709583881761,"duration":40},"status":"passed","steps":[],"attachments":[],"parameters":[],"shouldDisplayMessage":false,"stepsCount":0,"attachmentsCount":0,"hasContent":false,"attachmentStep":false},{"name":"Get Products List displayed on the page.","time":{"start":1709583881761,"stop":1709583883782,"duration":2021},"status":"passed","steps":[],"attachments":[],"parameters":[],"shouldDisplayMessage":false,"stepsCount":0,"attachmentsCount":0,"hasContent":false,"attachmentStep":false},{"name":"Click product by Locator.","time":{"start":1709583883827,"stop":1709583883858,"duration":31},"status":"passed","steps":[],"attachments":[],"parameters":[{"name":"product","value":"Locator@#tbodyid > div >> nth=2"}],"shouldDisplayMessage":false,"stepsCount":0,"attachmentsCount":0,"hasContent":true,"attachmentStep":false},{"name":"Assert that image is visible.","time":{"start":1709583883859,"stop":1709583883859,"duration":0},"status":"passed","steps":[],"attachments":[],"parameters":[],"shouldDisplayMessage":false,"stepsCount":0,"attachmentsCount":0,"hasContent":false,"attachmentStep":false}],"attachments":[],"parameters":[],"shouldDisplayMessage":true,"stepsCount":4,"attachmentsCount":0,"hasContent":true,"attachmentStep":false},"afterStages":[{"name":"closeContext","time":{"start":1709583883881,"stop":1709583884886,"duration":1005},"description":"","status":"broken","statusMessage":"videos/testProductViewDisplay.webm","statusTrace":"java.nio.file.NoSuchFileException: videos/testProductViewDisplay.webm\n\tat java.base/sun.nio.fs.UnixException.translateToIOException(UnixException.java:92)\n\tat java.base/sun.nio.fs.UnixException.rethrowAsIOException(UnixException.java:106)\n\tat java.base/sun.nio.fs.UnixException.rethrowAsIOException(UnixException.java:111)\n\tat java.base/sun.nio.fs.UnixFileSystemProvider.newByteChannel(UnixFileSystemProvider.java:218)\n\tat java.base/java.nio.file.Files.newByteChannel(Files.java:380)\n\tat java.base/java.nio.file.Files.newByteChannel(Files.java:432)\n\tat java.base/java.nio.file.Files.readAllBytes(Files.java:3288)\n\tat utils.reports.ReportUtils.addVideoAndTracingToAllureReportForCIFailure(ReportUtils.java:109)\n\tat tests.BaseTest.closeContext(BaseTest.java:97)\n\tat jdk.internal.reflect.GeneratedMethodAccessor64.invoke(Unknown Source)\n\tat java.base/jdk.internal.reflect.DelegatingMethodAccessorImpl.invoke(DelegatingMethodAccessorImpl.java:43)\n\tat java.base/java.lang.reflect.Method.invoke(Method.java:568)\n\tat org.testng.internal.invokers.MethodInvocationHelper.invokeMethod(MethodInvocationHelper.java:139)\n\tat org.testng.internal.invokers.MethodInvocationHelper.invokeMethodConsideringTimeout(MethodInvocationHelper.java:69)\n\tat org.testng.internal.invokers.ConfigInvoker.invokeConfigurationMethod(ConfigInvoker.java:393)\n\tat org.testng.internal.invokers.ConfigInvoker.invokeConfigurations(ConfigInvoker.java:326)\n\tat org.testng.internal.invokers.TestInvoker.runConfigMethods(TestInvoker.java:810)\n\tat org.testng.internal.invokers.TestInvoker.runAfterConfigurations(TestInvoker.java:779)\n\tat org.testng.internal.invokers.TestInvoker.invokeMethod(TestInvoker.java:755)\n\tat org.testng.internal.invokers.TestInvoker.invokeTestMethod(TestInvoker.java:228)\n\tat org.testng.internal.invokers.MethodRunner.runInSequence(MethodRunner.java:63)\n\tat org.testng.internal.invokers.TestInvoker$MethodInvocationAgent.invoke(TestInvoker.java:961)\n\tat org.testng.internal.invokers.TestInvoker.invokeTestMethods(TestInvoker.java:201)\n\tat org.testng.internal.invokers.TestMethodWorker.invokeTestMethods(TestMethodWorker.java:148)\n\tat org.testng.internal.invokers.TestMethodWorker.run(TestMethodWorker.java:128)\n\tat java.base/java.util.ArrayList.forEach(ArrayList.java:1511)\n\tat org.testng.TestRunner.privateRun(TestRunner.java:819)\n\tat org.testng.TestRunner.run(TestRunner.java:619)\n\tat org.testng.SuiteRunner.runTest(SuiteRunner.java:443)\n\tat org.testng.SuiteRunner.runSequentially(SuiteRunner.java:437)\n\tat org.testng.SuiteRunner.privateRun(SuiteRunner.java:397)\n\tat org.testng.SuiteRunner.run(SuiteRunner.java:336)\n\tat org.testng.SuiteRunnerWorker.runSuite(SuiteRunnerWorker.java:52)\n\tat org.testng.SuiteRunnerWorker.run(SuiteRunnerWorker.java:95)\n\tat org.testng.TestNG.runSuitesSequentially(TestNG.java:1301)\n\tat org.testng.TestNG.runSuitesLocally(TestNG.java:1228)\n\tat org.testng.TestNG.runSuites(TestNG.java:1134)\n\tat org.testng.TestNG.run(TestNG.java:1101)\n\tat org.apache.maven.surefire.testng.TestNGExecutor.run(TestNGExecutor.java:308)\n\tat org.apache.maven.surefire.testng.TestNGXmlTestSuite.execute(TestNGXmlTestSuite.java:71)\n\tat org.apache.maven.surefire.testng.TestNGProvider.invoke(TestNGProvider.java:113)\n\tat org.apache.maven.surefire.booter.ForkedBooter.runSuitesInProcess(ForkedBooter.java:385)\n\tat org.apache.maven.surefire.booter.ForkedBooter.execute(ForkedBooter.java:162)\n\tat org.apache.maven.surefire.booter.ForkedBooter.run(ForkedBooter.java:507)\n\tat org.apache.maven.surefire.booter.ForkedBooter.main(ForkedBooter.java:495)\n","steps":[],"attachments":[{"uid":"42d2a9e71c8ff577","name":"screenshot","source":"42d2a9e71c8ff577.png","type":"image/png","size":715366}],"parameters":[],"shouldDisplayMessage":true,"stepsCount":0,"attachmentsCount":1,"hasContent":true,"attachmentStep":false}],"labels":[{"name":"package","value":"tests.ProdTest"},{"name":"testClass","value":"tests.ProdTest"},{"name":"testMethod","value":"testProductViewDisplay"},{"name":"parentSuite","value":"Ecommerce store"},{"name":"suite","value":"Smoke tests"},{"name":"subSuite","value":"tests.ProdTest"},{"name":"host","value":"fv-az659-319"},{"name":"thread","value":"4893@fv-az659-319.main(1)"},{"name":"framework","value":"testng"},{"name":"language","value":"java"},{"name":"severity","value":"critical"},{"name":"resultFormat","value":"allure2"}],"parameters":[],"links":[],"hidden":false,"retry":false,"extra":{"severity":"critical","retries":[],"categories":[{"name":"Test defects","matchedStatuses":[],"flaky":false}],"history":{"statistic":{"failed":0,"broken":1,"skipped":0,"passed":6,"unknown":0,"total":7},"items":[{"uid":"9cba5a7b12ae8685","reportUrl":"https://LaysanNova.github.io/FrameworkPlaywrightTestNG/55//#testresult/9cba5a7b12ae8685","status":"passed","time":{"start":1709583165380,"stop":1709583168088,"duration":2708}},{"uid":"ef673173294059e8","reportUrl":"https://LaysanNova.github.io/FrameworkPlaywrightTestNG/54//#testresult/ef673173294059e8","status":"passed","time":{"start":1709580783325,"stop":1709580785824,"duration":2499}},{"uid":"87f3d04c808cea34","reportUrl":"https://LaysanNova.github.io/FrameworkPlaywrightTestNG/53//#testresult/87f3d04c808cea34","status":"passed","time":{"start":1709579756183,"stop":1709579758680,"duration":2497}},{"uid":"c06fcff4a3e23a74","reportUrl":"https://LaysanNova.github.io/FrameworkPlaywrightTestNG/52//#testresult/c06fcff4a3e23a74","status":"passed","time":{"start":1709579311349,"stop":1709579314573,"duration":3224}},{"uid":"1434152f827f828a","reportUrl":"https://LaysanNova.github.io/FrameworkPlaywrightTestNG/51//#testresult/1434152f827f828a","status":"passed","time":{"start":1709578711881,"stop":1709578714367,"duration":2486}},{"uid":"3e9275d0bad6e857","reportUrl":"https://LaysanNova.github.io/FrameworkPlaywrightTestNG/50//#testresult/3e9275d0bad6e857","status":"passed","time":{"start":1709577722808,"stop":1709577725503,"duration":2695}}]},"tags":[]},"source":"ba9b1a89b53b2a5d.json","parameterValues":[]}